<?xml version="1.0" encoding="UTF-8"?>
<testsuite name="Cucumber" time="29.215" tests="4" skipped="0" failures="0" errors="0">
<testcase classname="feature to test google scarch funcationality" name="Validate google scarch is working" time="12.345">
<system-out><![CDATA[
Given browser is open.......................................................passed
And user is on google scarch page...........................................passed
When user enters a text in scarch box.......................................passed
And hits enter..............................................................passed
Then navigate to scarch result..............................................passed
]]></system-out>
</testcase>
<testcase classname="Test Login Funcationality" name="Check Login is successful with valid credentials - #1.1" time="4.863">
<system-out><![CDATA[
Given browser is opend......................................................passed
And user is on login page...................................................passed
When user enter test and 123................................................passed
And user click on login button..............................................passed
Then user is navigated to home page.........................................passed
]]></system-out>
</testcase>
<testcase classname="Test Login Funcationality" name="Check Login is successful with valid credentials - #1.2" time="5.389">
<system-out><![CDATA[
Given browser is opend......................................................passed
And user is on login page...................................................passed
When user enter wrong and 2344..............................................passed
And user click on login button..............................................passed
Then user is navigated to home page.........................................passed
]]></system-out>
</testcase>
<testcase classname="Test Login Funcationality" name="Check Login is successful with valid credentials - #1.3" time="6.082">
<system-out><![CDATA[
Given browser is opend......................................................passed
And user is on login page...................................................passed
When user enter student and Password123.....................................passed
And user click on login button..............................................passed
Then user is navigated to home page.........................................passed
]]></system-out>
</testcase>
</testsuite>
